This is pdfTeX, Version 3.14159265-2.6-1.40.20 (TeX Live 2019) (preloaded format=pdflatex 2019.8.16)  13 APR 2020 17:48
entering extended mode
 restricted \write18 enabled.
 file:line:error style messages enabled.
 %&-line parsing enabled.
**structure.tex
(./structure.tex
LaTeX2e <2018-12-01>

./structure.tex:27: LaTeX Error: \usepackage before \documentclass.

See the LaTeX manual or LaTeX Companion for explanation.
Type  H <return>  for immediate help.
 ...                                              
                                                  
l.27 ]{
       classicthesis} % The layout is based on the Classic Thesis style
? 
./structure.tex:27: Emergency stop.
 ...                                              
                                                  
l.27 ]{
       classicthesis} % The layout is based on the Classic Thesis style
\usepackage may only appear in the document preamble, i.e.,
between \documentclass and \begin{document}.

 
Here is how much of TeX's memory you used:
 6 strings out of 492616
 277 string characters out of 6129481
 57652 words of memory out of 5000000
 4025 multiletter control sequences out of 15000+600000
 3640 words of font info for 14 fonts, out of 8000000 for 9000
 1141 hyphenation exceptions out of 8191
 5i,0n,5p,106b,14s stack positions out of 5000i,500n,10000p,200000b,80000s
./structure.tex:27:  ==> Fatal error occurred, no output PDF file produced!
